   Compiling maniac-runtime v0.1.0 (C:\Users\info\repos\bisque-io\bop\crates\maniac-runtime)
error[E0425]: cannot find value `BUILD_THREAD_ID` in module `crate::monoio::builder`
  --> crates\maniac-runtime\src\monoio\driver\legacy\mod.rs:82:49
   |
82 |         let thread_id = crate::monoio::builder::BUILD_THREAD_ID.with(|id| *id);
   |                                                 ^^^^^^^^^^^^^^^ not found in `crate::monoio::builder`

error[E0425]: cannot find value `BUILD_THREAD_ID` in module `crate::monoio::builder`
  --> crates\maniac-runtime\src\monoio\runtime.rs:65:49
   |
65 |         let thread_id = crate::monoio::builder::BUILD_THREAD_ID.with(|id| *id);
   |                                                 ^^^^^^^^^^^^^^^ not found in `crate::monoio::builder`

warning: unexpected `cfg` condition value: `disabled_tests`
    --> crates\maniac-runtime\src\runtime\task.rs:1599:11
     |
1599 |     #[cfg(feature = "disabled_tests")]
     |           ^^^^^^^^^^^^^^^^^^^^^^^^^^
     |
     = note: expected values for `feature` are: `async-cancel`, `bytes`, `debug`, `default`, `hyper-compat`, `iouring`, `legacy`, `mio`, `mkdirat`, `nix`, `poll-io`, `race`, `renameat`, `signal`, `splice`, `standard`, `std`, `symlinkat`, `sync`, `timers-introspection`, `tls-native`, `tls-rustls`, `tls-unsafe-io`, `tokio-compat`, `tracing`, `unlinkat`, `unsafe_io`, `unstable`, `utils`, and `zero-copy`
     = help: consider adding `disabled_tests` as a feature in `Cargo.toml`
     = note: see <https://doc.rust-lang.org/nightly/rustc/check-cfg/cargo-specifics.html> for more information about checking conditional configuration
     = note: requested on the command line with `-W unexpected-cfgs`

warning: unexpected `cfg` condition value: `disabled_tests`
    --> crates\maniac-runtime\src\runtime\task.rs:1638:11
     |
1638 |     #[cfg(feature = "disabled_tests")]
     |           ^^^^^^^^^^^^^^^^^^^^^^^^^^
     |
     = note: expected values for `feature` are: `async-cancel`, `bytes`, `debug`, `default`, `hyper-compat`, `iouring`, `legacy`, `mio`, `mkdirat`, `nix`, `poll-io`, `race`, `renameat`, `signal`, `splice`, `standard`, `std`, `symlinkat`, `sync`, `timers-introspection`, `tls-native`, `tls-rustls`, `tls-unsafe-io`, `tokio-compat`, `tracing`, `unlinkat`, `unsafe_io`, `unstable`, `utils`, and `zero-copy`
     = help: consider adding `disabled_tests` as a feature in `Cargo.toml`
     = note: see <https://doc.rust-lang.org/nightly/rustc/check-cfg/cargo-specifics.html> for more information about checking conditional configuration

warning: unexpected `cfg` condition value: `disabled_tests`
    --> crates\maniac-runtime\src\runtime\task.rs:1710:11
     |
1710 |     #[cfg(feature = "disabled_tests")] // References old Task fields (slot_idx)
     |           ^^^^^^^^^^^^^^^^^^^^^^^^^^
     |
     = note: expected values for `feature` are: `async-cancel`, `bytes`, `debug`, `default`, `hyper-compat`, `iouring`, `legacy`, `mio`, `mkdirat`, `nix`, `poll-io`, `race`, `renameat`, `signal`, `splice`, `standard`, `std`, `symlinkat`, `sync`, `timers-introspection`, `tls-native`, `tls-rustls`, `tls-unsafe-io`, `tokio-compat`, `tracing`, `unlinkat`, `unsafe_io`, `unstable`, `utils`, and `zero-copy`
     = help: consider adding `disabled_tests` as a feature in `Cargo.toml`
     = note: see <https://doc.rust-lang.org/nightly/rustc/check-cfg/cargo-specifics.html> for more information about checking conditional configuration

warning: unexpected `cfg` condition value: `disabled_tests`
    --> crates\maniac-runtime\src\runtime\task.rs:1744:11
     |
1744 |     #[cfg(feature = "disabled_tests")] // References old Task fields (arena_ptr, bind_arena)
     |           ^^^^^^^^^^^^^^^^^^^^^^^^^^
     |
     = note: expected values for `feature` are: `async-cancel`, `bytes`, `debug`, `default`, `hyper-compat`, `iouring`, `legacy`, `mio`, `mkdirat`, `nix`, `poll-io`, `race`, `renameat`, `signal`, `splice`, `standard`, `std`, `symlinkat`, `sync`, `timers-introspection`, `tls-native`, `tls-rustls`, `tls-unsafe-io`, `tokio-compat`, `tracing`, `unlinkat`, `unsafe_io`, `unstable`, `utils`, and `zero-copy`
     = help: consider adding `disabled_tests` as a feature in `Cargo.toml`
     = note: see <https://doc.rust-lang.org/nightly/rustc/check-cfg/cargo-specifics.html> for more information about checking conditional configuration

warning: unexpected `cfg` condition value: `disabled_tests`
    --> crates\maniac-runtime\src\runtime\task.rs:1779:11
     |
1779 |     #[cfg(feature = "disabled_tests")]
     |           ^^^^^^^^^^^^^^^^^^^^^^^^^^
     |
     = note: expected values for `feature` are: `async-cancel`, `bytes`, `debug`, `default`, `hyper-compat`, `iouring`, `legacy`, `mio`, `mkdirat`, `nix`, `poll-io`, `race`, `renameat`, `signal`, `splice`, `standard`, `std`, `symlinkat`, `sync`, `timers-introspection`, `tls-native`, `tls-rustls`, `tls-unsafe-io`, `tokio-compat`, `tracing`, `unlinkat`, `unsafe_io`, `unstable`, `utils`, and `zero-copy`
     = help: consider adding `disabled_tests` as a feature in `Cargo.toml`
     = note: see <https://doc.rust-lang.org/nightly/rustc/check-cfg/cargo-specifics.html> for more information about checking conditional configuration

error[E0599]: no method named `build` found for struct `RuntimeBuilder<D>` in the current scope
  --> crates\maniac-runtime\src\net\event_loop.rs:26:74
   |
26 |         let runtime = RuntimeBuilder::<FusionDriver>::new().enable_all().build()?;
   |                                                                          ^^^^^ method not found in `RuntimeBuilder<TimeDriver<LegacyDriver>>`
   |
  ::: crates\maniac-runtime\src\monoio\builder.rs:20:8
   |
20 |     fn build(self) -> io::Result<Self::Output>;
   |        ----- the method is available for `RuntimeBuilder<TimeDriver<LegacyDriver>>` here
...
23 | pub struct RuntimeBuilder<D> {
   | ---------------------------- method `build` not found for this struct
   |
   = help: items from traits can only be used if the trait is in scope
help: trait `Buildable` which provides `build` is implemented but not in scope; perhaps you want to import it
   |
 1 + use crate::monoio::builder::Buildable;
   |

error[E0277]: expected a `FnOnce()` closure, found `F`
   --> crates\maniac-runtime\src\runtime\mod.rs:201:20
    |
201 |         Ok(unblock(future))
    |            ------- ^^^^^^ expected an `FnOnce()` closure, found `F`
    |            |
    |            required by a bound introduced by this call
    |
    = note: wrap the `F` in a closure with no arguments: `|| { /* code */ }`
note: required by a bound in `unblock`
   --> crates\maniac-runtime\src\runtime\blocking.rs:410:8
    |
408 | pub fn unblock<T, F>(f: F) -> Task<T>
    |        ------- required by a bound in this function
409 | where
410 |     F: FnOnce() -> T + Send + 'static,
    |        ^^^^^^^^^^^^^ required by this bound in `unblock`
help: consider further restricting type parameter `F` with trait `FnOnce`
    |
195 |         F: IntoFuture<Output = T> + Send + 'static + FnOnce(),
    |                                                    ++++++++++

error[E0282]: type annotations needed
   --> crates\maniac-runtime\src\monoio\driver\op\recv.rs:268:80
    |
268 |                 assert_eq!(dw_bytes, std::mem::size_of::<LPFN_WSARECVMSG>() as _);
    |                                                                                ^ cannot infer type

error[E0599]: no method named `handle` found for struct `TimeDriver<D>` in the current scope
   --> crates\maniac-runtime\src\monoio\builder.rs:123:43
    |
123 |             ctx.time_handle = Some(driver.handle());
    |                                           ^^^^^^-- help: remove the arguments
    |                                           |
    |                                           field, not a method
    |
   ::: crates\maniac-runtime\src\monoio\time\driver\mod.rs:82:1
    |
 82 | pub struct TimeDriver<D: 'static> {
    | --------------------------------- method `handle` not found for this struct

error[E0599]: no method named `build` found for struct `RuntimeBuilder<D>` in the current scope
   --> crates\maniac-runtime\src\monoio\blocking.rs:220:14
    |
217 |           let mut rt = crate::monoio::RuntimeBuilder::<crate::monoio::FusionDriver>::new()
    |  ______________________-
218 | |             .attach_thread_pool(shared_pool)
219 | |             .enable_timer()
220 | |             .build()
    | |             -^^^^^ method not found in `RuntimeBuilder<TimeDriver<LegacyDriver>>`
    | |_____________|
    |
    |
   ::: crates\maniac-runtime\src\monoio\builder.rs:20:8
    |
 20 |       fn build(self) -> io::Result<Self::Output>;
    |          ----- the method is available for `RuntimeBuilder<TimeDriver<LegacyDriver>>` here
...
 23 |   pub struct RuntimeBuilder<D> {
    |   ---------------------------- method `build` not found for this struct
    |
    = help: items from traits can only be used if the trait is in scope
help: trait `Buildable` which provides `build` is implemented but not in scope; perhaps you want to import it
    |
194 +     use crate::monoio::builder::Buildable;
    |

error[E0599]: no method named `build` found for struct `RuntimeBuilder<D>` in the current scope
   --> crates\maniac-runtime\src\monoio\blocking.rs:244:14
    |
241 |           let mut rt = crate::monoio::RuntimeBuilder::<crate::monoio::FusionDriver>::new()
    |  ______________________-
242 | |             .with_blocking_strategy(crate::monoio::blocking::BlockingStrategy::Panic)
243 | |             .enable_timer()
244 | |             .build()
    | |             -^^^^^ method not found in `RuntimeBuilder<TimeDriver<LegacyDriver>>`
    | |_____________|
    |
    |
   ::: crates\maniac-runtime\src\monoio\builder.rs:20:8
    |
 20 |       fn build(self) -> io::Result<Self::Output>;
    |          ----- the method is available for `RuntimeBuilder<TimeDriver<LegacyDriver>>` here
...
 23 |   pub struct RuntimeBuilder<D> {
    |   ---------------------------- method `build` not found for this struct
    |
    = help: items from traits can only be used if the trait is in scope
help: trait `Buildable` which provides `build` is implemented but not in scope; perhaps you want to import it
    |
194 +     use crate::monoio::builder::Buildable;
    |

error[E0599]: no method named `build` found for struct `RuntimeBuilder<D>` in the current scope
   --> crates\maniac-runtime\src\monoio\blocking.rs:257:14
    |
254 |           let mut rt = crate::monoio::RuntimeBuilder::<crate::monoio::FusionDriver>::new()
    |  ______________________-
255 | |             .with_blocking_strategy(crate::monoio::blocking::BlockingStrategy::ExecuteLocal)
256 | |             .enable_timer()
257 | |             .build()
    | |             -^^^^^ method not found in `RuntimeBuilder<TimeDriver<LegacyDriver>>`
    | |_____________|
    |
    |
   ::: crates\maniac-runtime\src\monoio\builder.rs:20:8
    |
 20 |       fn build(self) -> io::Result<Self::Output>;
    |          ----- the method is available for `RuntimeBuilder<TimeDriver<LegacyDriver>>` here
...
 23 |   pub struct RuntimeBuilder<D> {
    |   ---------------------------- method `build` not found for this struct
    |
    = help: items from traits can only be used if the trait is in scope
help: trait `Buildable` which provides `build` is implemented but not in scope; perhaps you want to import it
    |
194 +     use crate::monoio::builder::Buildable;
    |

error[E0599]: no method named `build` found for struct `RuntimeBuilder<D>` in the current scope
   --> crates\maniac-runtime\src\monoio\blocking.rs:280:14
    |
277 |           let mut rt = crate::monoio::RuntimeBuilder::<crate::monoio::FusionDriver>::new()
    |  ______________________-
278 | |             .attach_thread_pool(shared_pool)
279 | |             .enable_timer()
280 | |             .build()
    | |             -^^^^^ method not found in `RuntimeBuilder<TimeDriver<LegacyDriver>>`
    | |_____________|
    |
    |
   ::: crates\maniac-runtime\src\monoio\builder.rs:20:8
    |
 20 |       fn build(self) -> io::Result<Self::Output>;
    |          ----- the method is available for `RuntimeBuilder<TimeDriver<LegacyDriver>>` here
...
 23 |   pub struct RuntimeBuilder<D> {
    |   ---------------------------- method `build` not found for this struct
    |
    = help: items from traits can only be used if the trait is in scope
help: trait `Buildable` which provides `build` is implemented but not in scope; perhaps you want to import it
    |
194 +     use crate::monoio::builder::Buildable;
    |

error[E0599]: no method named `build` found for struct `RuntimeBuilder<D>` in the current scope
   --> crates\maniac-runtime\src\monoio\blocking.rs:294:14
    |
291 |           let mut rt = crate::monoio::RuntimeBuilder::<crate::monoio::FusionDriver>::new()
    |  ______________________-
292 | |             .attach_thread_pool(shared_pool)
293 | |             .enable_timer()
294 | |             .build()
    | |             -^^^^^ method not found in `RuntimeBuilder<TimeDriver<LegacyDriver>>`
    | |_____________|
    |
    |
   ::: crates\maniac-runtime\src\monoio\builder.rs:20:8
    |
 20 |       fn build(self) -> io::Result<Self::Output>;
    |          ----- the method is available for `RuntimeBuilder<TimeDriver<LegacyDriver>>` here
...
 23 |   pub struct RuntimeBuilder<D> {
    |   ---------------------------- method `build` not found for this struct
    |
    = help: items from traits can only be used if the trait is in scope
help: trait `Buildable` which provides `build` is implemented but not in scope; perhaps you want to import it
    |
194 +     use crate::monoio::builder::Buildable;
    |

error[E0282]: type annotations needed
   --> crates\maniac-runtime\src\monoio\net\mod.rs:115:21
    |
115 |         NO_ERROR as _
    |                     ^ cannot infer type

warning: variable does not need to be mutable
    --> crates\maniac-runtime\src\runtime\mpsc.rs:1088:19
     |
1088 |         let (tx1, mut rx) = new_with_sender::<u64, 6, 8>();
     |                   ----^^
     |                   |
     |                   help: remove this `mut`
     |
     = note: `#[warn(unused_mut)]` (part of `#[warn(unused)]`) on by default

Some errors have detailed explanations: E0277, E0282, E0425, E0599.
For more information about an error, try `rustc --explain E0277`.
warning: `maniac-runtime` (lib test) generated 6 warnings
error: could not compile `maniac-runtime` (lib test) due to 12 previous errors; 6 warnings emitted
